<?xml version="1.0" encoding="UTF-8"?>
<testsuite name="com.example.shared.ExampleUnitTest" tests="1" skipped="0" failures="0" errors="0" timestamp="2025-05-11T08:31:57" hostname="DESKTOP-K4JT0I0" time="0.11">
  <properties/>
  <testcase name="addition_isCorrect" classname="com.example.shared.ExampleUnitTest" time="0.11"/>
  <system-out><![CDATA[]]></system-out>
  <system-err><![CDATA[]]></system-err>
</testsuite>
